<?xml version="1.0" encoding="UTF-8"?>
<testng-results skipped="0" failed="1" ignored="0" total="2" passed="1">
  <reporter-output>
  </reporter-output>
  <suite name="Suite" duration-ms="75716" started-at="2017-07-20T19:05:08Z" finished-at="2017-07-20T19:06:23Z">
    <groups>
    </groups>
    <test name="NewFV - ExistingUV Redemption Flow" duration-ms="75716" started-at="2017-07-20T19:05:08Z" finished-at="2017-07-20T19:06:23Z">
      <class name="example.NewTest">
        <test-method status="FAIL" signature="RedeemTokenAndRegisterNewAccount(java.lang.String, java.lang.String, java.lang.String, java.lang.reflect.Method)[pri:0, instance:example.NewTest@246ae04d]" name="RedeemTokenAndRegisterNewAccount" duration-ms="46972" started-at="2017-07-20T12:05:08Z" data-provider="hardCodedBrowsers" finished-at="2017-07-20T12:05:55Z">
          <params>
            <param index="0">
              <value>
                <![CDATA[firefox]]>
              </value>
            </param>
            <param index="1">
              <value>
                <![CDATA[49.0]]>
              </value>
            </param>
            <param index="2">
              <value>
                <![CDATA[Windows 10]]>
              </value>
            </param>
            <param index="3">
              <value>
                <![CDATA[public void example.NewTest.RedeemTokenAndRegisterNewAccount(java.lang.String,java.lang.String,java.lang.String,java.lang.reflect.Method) throws java.lang.Exception]]>
              </value>
            </param>
          </params>
          <exception class="org.openqa.selenium.NoSuchElementException">
            <message>
              <![CDATA[Unable to locate element: Click here (WARNING: The server did not provide any stacktrace information)
Command duration or timeout: 22 milliseconds
For documentation on this error, please visit: http://seleniumhq.org/exceptions/no_such_element.html
Build info: version: '2.53.1', revision: 'a36b8b1', time: '2016-06-30 17:37:03'
System info: host: 'WIN-SB3ER6JQ6ME', ip: '10.100.28.41', os.name: 'Windows 10', os.arch: 'x86', os.version: '10.0', java.version: '1.8.0_91'
Driver info: org.openqa.selenium.firefox.MarionetteDriver
Capabilities [{rotatable=false, raisesAccessibilityExceptions=false, marionette=true, webdriver.remote.quietExceptions=true, appBuildId=20160916101415, version=49.0, platform=XP, proxy={}, command_id=1, specificationLevel=0, acceptSslCerts=false, processId=3048, browserVersion=49.0, platformVersion=10.0, XULappId={XXXXXXXX-XXXX-XXXX-XXXX-XXXXa9e97384}, browserName=firefox, takesScreenshot=true, takesElementScreenshot=true, platformName=windows_nt, device=desktop, firefox_profile=UEsDBBQAAAAIAJuY9EqIUd2BCAcAA...}]
Session ID: XXXXXXXX-XXXX-XXXX-XXXX-XXXXdd16b2d0
*** Element info: {Using=link text, value=Click here}
Command duration or timeout: 117 milliseconds
For documentation on this error, please visit: http://seleniumhq.org/exceptions/no_such_element.html
Build info: version: '2.53.0', revision: '35ae25b1534ae328c771e0856c93e187490ca824', time: '2016-03-15 10:43:46'
System info: host: 'QAMacbookPros-MacBook-Pro.local', ip: '10.146.59.152', os.name: 'Mac OS X', os.arch: 'x86_64', os.version: '10.11.6', java.version: '1.8.0_51'
Driver info: org.openqa.selenium.remote.RemoteWebDriver
Capabilities [{raisesAccessibilityExceptions=false, marionette=true, webdriver.remote.quietExceptions=true, appBuildId=20160916101415, platform=XP, specificationLevel=0, acceptSslCerts=false, processId=3048, platformVersion=10.0, browserVersion=49.0, takesScreenshot=true, XULappId={ec8030f7-c20a-464f-9b0e-13a3a9e97384}, browserName=firefox, javascriptEnabled=true, platformName=windows_nt, rotatable=false, hasMetadata=true, version=49.0, proxy={}, command_id=1, webdriver.remote.sessionid=ac4ed78ba77c4ce09828664e5d3fc26c, takesElementScreenshot=true, device=desktop, cssSelectorsEnabled=true, firefox_profile=UEsDBBQAAAAIAJuY9EqIUd2BCAcAA...}]
Session ID: ac4ed78ba77c4ce09828664e5d3fc26c
*** Element info: {Using=link text, value=Click here}]]>
            </message>
            <full-stacktrace>
              <![CDATA[org.openqa.selenium.NoSuchElementException: Unable to locate element: Click here (WARNING: The server did not provide any stacktrace information)
Command duration or timeout: 22 milliseconds
For documentation on this error, please visit: http://seleniumhq.org/exceptions/no_such_element.html
Build info: version: '2.53.1', revision: 'a36b8b1', time: '2016-06-30 17:37:03'
System info: host: 'WIN-SB3ER6JQ6ME', ip: '10.100.28.41', os.name: 'Windows 10', os.arch: 'x86', os.version: '10.0', java.version: '1.8.0_91'
Driver info: org.openqa.selenium.firefox.MarionetteDriver
Capabilities [{rotatable=false, raisesAccessibilityExceptions=false, marionette=true, webdriver.remote.quietExceptions=true, appBuildId=20160916101415, version=49.0, platform=XP, proxy={}, command_id=1, specificationLevel=0, acceptSslCerts=false, processId=3048, browserVersion=49.0, platformVersion=10.0, XULappId={XXXXXXXX-XXXX-XXXX-XXXX-XXXXa9e97384}, browserName=firefox, takesScreenshot=true, takesElementScreenshot=true, platformName=windows_nt, device=desktop, firefox_profile=UEsDBBQAAAAIAJuY9EqIUd2BCAcAA...}]
Session ID: XXXXXXXX-XXXX-XXXX-XXXX-XXXXdd16b2d0
*** Element info: {Using=link text, value=Click here}
Command duration or timeout: 117 milliseconds
For documentation on this error, please visit: http://seleniumhq.org/exceptions/no_such_element.html
Build info: version: '2.53.0', revision: '35ae25b1534ae328c771e0856c93e187490ca824', time: '2016-03-15 10:43:46'
System info: host: 'QAMacbookPros-MacBook-Pro.local', ip: '10.146.59.152', os.name: 'Mac OS X', os.arch: 'x86_64', os.version: '10.11.6', java.version: '1.8.0_51'
Driver info: org.openqa.selenium.remote.RemoteWebDriver
Capabilities [{raisesAccessibilityExceptions=false, marionette=true, webdriver.remote.quietExceptions=true, appBuildId=20160916101415, platform=XP, specificationLevel=0, acceptSslCerts=false, processId=3048, platformVersion=10.0, browserVersion=49.0, takesScreenshot=true, XULappId={ec8030f7-c20a-464f-9b0e-13a3a9e97384}, browserName=firefox, javascriptEnabled=true, platformName=windows_nt, rotatable=false, hasMetadata=true, version=49.0, proxy={}, command_id=1, webdriver.remote.sessionid=ac4ed78ba77c4ce09828664e5d3fc26c, takesElementScreenshot=true, device=desktop, cssSelectorsEnabled=true, firefox_profile=UEsDBBQAAAAIAJuY9EqIUd2BCAcAA...}]
Session ID: ac4ed78ba77c4ce09828664e5d3fc26c
*** Element info: {Using=link text, value=Click here}
	at sun.reflect.NativeConstructorAccessorImpl.newInstance0(Native Method)
	at sun.reflect.NativeConstructorAccessorImpl.newInstance(NativeConstructorAccessorImpl.java:62)
	at sun.reflect.DelegatingConstructorAccessorImpl.newInstance(DelegatingConstructorAccessorImpl.java:45)
	at java.lang.reflect.Constructor.newInstance(Constructor.java:422)
	at org.openqa.selenium.remote.ErrorHandler.createThrowable(ErrorHandler.java:206)
	at org.openqa.selenium.remote.ErrorHandler.throwIfResponseFailed(ErrorHandler.java:158)
	at org.openqa.selenium.remote.RemoteWebDriver.execute(RemoteWebDriver.java:678)
	at org.openqa.selenium.remote.RemoteWebDriver.findElement(RemoteWebDriver.java:363)
	at org.openqa.selenium.remote.RemoteWebDriver.findElementByLinkText(RemoteWebDriver.java:428)
	at org.openqa.selenium.By$ByLinkText.findElement(By.java:246)
	at org.openqa.selenium.remote.RemoteWebDriver.findElement(RemoteWebDriver.java:355)
	at pages.FVsignuppage.getElement(FVsignuppage.java:76)
	at example.NewTest.RedeemTokenAndRegisterNewAccount(NewTest.java:71)
	at sun.reflect.NativeMethodAccessorImpl.invoke0(Native Method)
	at sun.reflect.NativeMethodAccessorImpl.invoke(NativeMethodAccessorImpl.java:62)
	at sun.reflect.DelegatingMethodAccessorImpl.invoke(DelegatingMethodAccessorImpl.java:43)
	at java.lang.reflect.Method.invoke(Method.java:497)
	at org.testng.internal.MethodInvocationHelper.invokeMethod(MethodInvocationHelper.java:104)
	at org.testng.internal.Invoker.invokeMethod(Invoker.java:645)
	at org.testng.internal.Invoker.invokeTestMethod(Invoker.java:851)
	at org.testng.internal.TestMethodWithDataProviderMethodWorker.call(TestMethodWithDataProviderMethodWorker.java:75)
	at org.testng.internal.TestMethodWithDataProviderMethodWorker.call(TestMethodWithDataProviderMethodWorker.java:14)
	at java.util.concurrent.FutureTask.run(FutureTask.java:266)
	at java.util.concurrent.Executors$RunnableAdapter.call(Executors.java:511)
	at java.util.concurrent.FutureTask.run(FutureTask.java:266)
	at java.util.concurrent.ThreadPoolExecutor.runWorker(ThreadPoolExecutor.java:1142)
	at java.util.concurrent.ThreadPoolExecutor$Worker.run(ThreadPoolExecutor.java:617)
	at java.lang.Thread.run(Thread.java:745)
Caused by: org.openqa.selenium.NoSuchElementException: Unable to locate element: Click here (WARNING: The server did not provide any stacktrace information)
Command duration or timeout: 22 milliseconds
For documentation on this error, please visit: http://seleniumhq.org/exceptions/no_such_element.html
Build info: version: '2.53.1', revision: 'a36b8b1', time: '2016-06-30 17:37:03'
System info: host: 'WIN-SB3ER6JQ6ME', ip: '10.100.28.41', os.name: 'Windows 10', os.arch: 'x86', os.version: '10.0', java.version: '1.8.0_91'
Driver info: org.openqa.selenium.firefox.MarionetteDriver
Capabilities [{rotatable=false, raisesAccessibilityExceptions=false, marionette=true, webdriver.remote.quietExceptions=true, appBuildId=20160916101415, version=49.0, platform=XP, proxy={}, command_id=1, specificationLevel=0, acceptSslCerts=false, processId=3048, browserVersion=49.0, platformVersion=10.0, XULappId={XXXXXXXX-XXXX-XXXX-XXXX-XXXXa9e97384}, browserName=firefox, takesScreenshot=true, takesElementScreenshot=true, platformName=windows_nt, device=desktop, firefox_profile=UEsDBBQAAAAIAJuY9EqIUd2BCAcAA...}]
Session ID: XXXXXXXX-XXXX-XXXX-XXXX-XXXXdd16b2d0
*** Element info: {Using=link text, value=Click here}
For documentation on this error, please visit: http://seleniumhq.org/exceptions/no_such_element.html
Build info: version: '2.53.0', revision: '35ae25b1534ae328c771e0856c93e187490ca824', time: '2016-03-15 10:43:46'
System info: host: 'QAMacbookPros-MacBook-Pro.local', ip: '10.146.59.152', os.name: 'Mac OS X', os.arch: 'x86_64', os.version: '10.11.6', java.version: '1.8.0_51'
Driver info: driver.version: EventFiringWebDriver
	at sun.reflect.NativeConstructorAccessorImpl.newInstance0(Native Method)
	at sun.reflect.NativeConstructorAccessorImpl.newInstance(Unknown Source)
	at sun.reflect.DelegatingConstructorAccessorImpl.newInstance(Unknown Source)
	at java.lang.reflect.Constructor.newInstance(Unknown Source)
	at org.openqa.selenium.remote.ErrorHandler.createThrowable(ErrorHandler.java:206)
	at org.openqa.selenium.remote.ErrorHandler.throwIfResponseFailed(ErrorHandler.java:158)
	at org.openqa.selenium.remote.RemoteWebDriver.execute(RemoteWebDriver.java:678)
	at org.openqa.selenium.remote.RemoteWebDriver.findElement(RemoteWebDriver.java:363)
	at org.openqa.selenium.remote.RemoteWebDriver.findElementByLinkText(RemoteWebDriver.java:428)
	at org.openqa.selenium.By$ByLinkText.findElement(By.java:246)
	at org.openqa.selenium.remote.RemoteWebDriver.findElement(RemoteWebDriver.java:355)
	at sun.reflect.NativeMethodAccessorImpl.invoke0(Native Method)
	at sun.reflect.NativeMethodAccessorImpl.invoke(Unknown Source)
	at sun.reflect.DelegatingMethodAccessorImpl.invoke(Unknown Source)
	at java.lang.reflect.Method.invoke(Unknown Source)
	at org.openqa.selenium.support.events.EventFiringWebDriver$2.invoke(EventFiringWebDriver.java:103)
	at com.sun.proxy.$Proxy1.findElement(Unknown Source)
	at org.openqa.selenium.support.events.EventFiringWebDriver.findElement(EventFiringWebDriver.java:188)
	at org.openqa.selenium.remote.server.handler.FindElement.call(FindElement.java:48)
	at org.openqa.selenium.remote.server.handler.FindElement.call(FindElement.java:1)
	at java.util.concurrent.FutureTask.run(Unknown Source)
	at org.openqa.selenium.remote.server.DefaultSession$1.run(DefaultSession.java:176)
	at java.util.concurrent.ThreadPoolExecutor.runWorker(Unknown Source)
	at java.util.concurrent.ThreadPoolExecutor$Worker.run(Unknown Source)
	at java.lang.Thread.run(Unknown Source)
]]>
            </full-stacktrace>
          </exception> <!-- org.openqa.selenium.NoSuchElementException -->
          <reporter-output>
          </reporter-output>
        </test-method> <!-- RedeemTokenAndRegisterNewAccount -->
        <test-method status="PASS" signature="tearDown()[pri:0, instance:example.NewTest@246ae04d]" name="tearDown" is-config="true" duration-ms="204" started-at="2017-07-20T12:05:55Z" finished-at="2017-07-20T12:05:55Z">
          <reporter-output>
          </reporter-output>
        </test-method> <!-- tearDown -->
        <test-method status="PASS" signature="RegisterNewAccount(java.lang.String, java.lang.String, java.lang.String, java.lang.reflect.Method)[pri:0, instance:example.NewTest@246ae04d]" name="RegisterNewAccount" duration-ms="26852" started-at="2017-07-20T12:05:55Z" data-provider="hardCodedBrowsers" finished-at="2017-07-20T12:06:22Z">
          <params>
            <param index="0">
              <value>
                <![CDATA[firefox]]>
              </value>
            </param>
            <param index="1">
              <value>
                <![CDATA[49.0]]>
              </value>
            </param>
            <param index="2">
              <value>
                <![CDATA[Windows 10]]>
              </value>
            </param>
            <param index="3">
              <value>
                <![CDATA[public void example.NewTest.RegisterNewAccount(java.lang.String,java.lang.String,java.lang.String,java.lang.reflect.Method) throws java.lang.Exception]]>
              </value>
            </param>
          </params>
          <reporter-output>
          </reporter-output>
        </test-method> <!-- RegisterNewAccount -->
        <test-method status="PASS" signature="tearDown()[pri:0, instance:example.NewTest@246ae04d]" name="tearDown" is-config="true" duration-ms="170" started-at="2017-07-20T12:06:23Z" finished-at="2017-07-20T12:06:23Z">
          <reporter-output>
          </reporter-output>
        </test-method> <!-- tearDown -->
      </class> <!-- example.NewTest -->
    </test> <!-- NewFV - ExistingUV Redemption Flow -->
  </suite> <!-- Suite -->
</testng-results>
